2017-01-12 23:31:48.535  INFO 18857 --- [main] com.qingjie.OnondagaApplication          : Starting OnondagaApplication on Qingjies-MacBook-Pro.local with PID 18857 (/Users/qingjie/dev/eclipse/java-neon/workspace/log-demo/target/classes started by qingjie in /Users/qingjie/dev/eclipse/java-neon/workspace/log-demo)
2017-01-12 23:31:48.542 DEBUG 18857 --- [main] com.qingjie.OnondagaApplication          : Running with Spring Boot v1.4.3.RELEASE, Spring v4.3.5.RELEASE
2017-01-12 23:31:48.542  INFO 18857 --- [main] com.qingjie.OnondagaApplication          : The following profiles are active: dev
2017-01-12 23:31:48.645  INFO 18857 --- [main] ationConfigEmbeddedWebApplicationContext : Refreshing org.springframework.boot.context.embedded.AnnotationConfigEmbeddedWebApplicationContext@6ca8564a: startup date [Thu Jan 12 23:31:48 EST 2017]; root of context hierarchy
2017-01-12 23:31:50.582  INFO 18857 --- [main] s.b.c.e.t.TomcatEmbeddedServletContainer : Tomcat initialized with port(s): 8080 (http)
2017-01-12 23:31:50.598  INFO 18857 --- [main] o.apache.catalina.core.StandardService   : Starting service Tomcat
2017-01-12 23:31:50.599  INFO 18857 --- [main] org.apache.catalina.core.StandardEngine  : Starting Servlet Engine: Apache Tomcat/8.5.6
2017-01-12 23:31:50.722  INFO 18857 --- [localhost-startStop-1] o.a.c.c.C.[Tomcat].[localhost].[/]       : Initializing Spring embedded WebApplicationContext
2017-01-12 23:31:50.723  INFO 18857 --- [localhost-startStop-1] o.s.web.context.ContextLoader            : Root WebApplicationContext: initialization completed in 2086 ms
2017-01-12 23:31:50.917  INFO 18857 --- [localhost-startStop-1] o.s.b.w.servlet.ServletRegistrationBean  : Mapping servlet: 'dispatcherServlet' to [/]
2017-01-12 23:31:50.922  INFO 18857 --- [localhost-startStop-1] o.s.b.w.servlet.FilterRegistrationBean   : Mapping filter: 'characterEncodingFilter' to: [/*]
2017-01-12 23:31:50.923  INFO 18857 --- [localhost-startStop-1] o.s.b.w.servlet.FilterRegistrationBean   : Mapping filter: 'hiddenHttpMethodFilter' to: [/*]
2017-01-12 23:31:50.923  INFO 18857 --- [localhost-startStop-1] o.s.b.w.servlet.FilterRegistrationBean   : Mapping filter: 'httpPutFormContentFilter' to: [/*]
2017-01-12 23:31:50.923  INFO 18857 --- [localhost-startStop-1] o.s.b.w.servlet.FilterRegistrationBean   : Mapping filter: 'requestContextFilter' to: [/*]
2017-01-12 23:31:51.361  INFO 18857 --- [main] s.w.s.m.m.a.RequestMappingHandlerAdapter : Looking for @ControllerAdvice: org.springframework.boot.context.embedded.AnnotationConfigEmbeddedWebApplicationContext@6ca8564a: startup date [Thu Jan 12 23:31:48 EST 2017]; root of context hierarchy
2017-01-12 23:31:51.446  INFO 18857 --- [main] s.w.s.m.m.a.RequestMappingHandlerMapping : Mapped "{[/hello]}" onto public java.lang.String com.qingjie.controller.HelloController.index()
2017-01-12 23:31:51.451  INFO 18857 --- [main] s.w.s.m.m.a.RequestMappingHandlerMapping : Mapped "{[/error]}" onto public org.springframework.http.ResponseEntity<java.util.Map<java.lang.String, java.lang.Object>> org.springframework.boot.autoconfigure.web.BasicErrorController.error(javax.servlet.http.HttpServletRequest)
2017-01-12 23:31:51.452  INFO 18857 --- [main] s.w.s.m.m.a.RequestMappingHandlerMapping : Mapped "{[/error],produces=[text/html]}" onto public org.springframework.web.servlet.ModelAndView org.springframework.boot.autoconfigure.web.BasicErrorController.errorHtml(javax.servlet.http.HttpServletRequest,javax.servlet.http.HttpServletResponse)
2017-01-12 23:31:51.486  INFO 18857 --- [main] o.s.w.s.handler.SimpleUrlHandlerMapping  : Mapped URL path [/webjars/**] onto handler of type [class org.springframework.web.servlet.resource.ResourceHttpRequestHandler]
2017-01-12 23:31:51.486  INFO 18857 --- [main] o.s.w.s.handler.SimpleUrlHandlerMapping  : Mapped URL path [/**] onto handler of type [class org.springframework.web.servlet.resource.ResourceHttpRequestHandler]
2017-01-12 23:31:51.535  INFO 18857 --- [main] o.s.w.s.handler.SimpleUrlHandlerMapping  : Mapped URL path [/**/favicon.ico] onto handler of type [class org.springframework.web.servlet.resource.ResourceHttpRequestHandler]
2017-01-12 23:31:51.750  INFO 18857 --- [main] o.s.j.e.a.AnnotationMBeanExporter        : Registering beans for JMX exposure on startup
2017-01-12 23:31:51.824  INFO 18857 --- [main] s.b.c.e.t.TomcatEmbeddedServletContainer : Tomcat started on port(s): 8080 (http)
2017-01-12 23:31:51.833  INFO 18857 --- [main] com.qingjie.OnondagaApplication          : Started OnondagaApplication in 3.809 seconds (JVM running for 4.15)
2017-01-12 23:31:53.637  INFO 18857 --- [http-nio-8080-exec-1] o.a.c.c.C.[Tomcat].[localhost].[/]       : Initializing Spring FrameworkServlet 'dispatcherServlet'
2017-01-12 23:31:53.637  INFO 18857 --- [http-nio-8080-exec-1] o.s.web.servlet.DispatcherServlet        : FrameworkServlet 'dispatcherServlet': initialization started
2017-01-12 23:31:53.651  INFO 18857 --- [http-nio-8080-exec-1] o.s.web.servlet.DispatcherServlet        : FrameworkServlet 'dispatcherServlet': initialization completed in 14 ms
2017-01-12 23:31:53.682 DEBUG 18857 --- [http-nio-8080-exec-1] com.qingjie.controller.HelloController   : ====hello====
2017-01-12 23:32:03.942  INFO 18857 --- [Thread-2] ationConfigEmbeddedWebApplicationContext : Closing org.springframework.boot.context.embedded.AnnotationConfigEmbeddedWebApplicationContext@6ca8564a: startup date [Thu Jan 12 23:31:48 EST 2017]; root of context hierarchy
2017-01-12 23:32:03.944  INFO 18857 --- [Thread-2] o.s.j.e.a.AnnotationMBeanExporter        : Unregistering JMX-exposed beans on shutdown
